2015-7-27@16:10 : Setting up for the first time
2015-7-27@16:10 : A new file has been loaded tracks\bach_tocatta_fugue_d_minor.mid
2015-7-27@16:10 : A new file has been loaded tracks\sym40-1.mid
2015-7-27@16:10 : A track has been parsed out with Index: 0
2015-7-27@16:10 : A track has been parsed out with Index: 1
2015-7-27@16:10 : A track has been parsed out with Index: 0
2015-7-27@16:10 : A track has been parsed out with Index: 1
2015-7-27@16:10 : A track has been parsed out with Index: 2
2015-7-27@16:10 : A track has been parsed out with Index: 3
2015-7-27@16:10 : A track has been parsed out with Index: 4
2015-7-27@16:10 : A track has been parsed out with Index: 5
2015-7-27@16:10 : A track has been parsed out with Index: 6
2015-7-27@16:10 : A track has been parsed out with Index: 7
2015-7-27@16:10 : A track has been parsed out with Index: 8
2015-7-27@16:10 : A track has been parsed out with Index: 9
2015-7-27@16:10 : A track has been parsed out with Index: 10
2015-7-27@16:10 : A track has been parsed out with Index: 11
2015-7-27@16:10 : A track has been parsed out with Index: 12
2015-7-27@16:10 : A track has been parsed out with Index: 13
2015-7-27@16:10 : A track has been parsed out with Index: 14
2015-7-27@16:10 : New chunk saved with values length: 23327
2015-7-27@16:10 : New chunk saved with values length: 23327
2015-7-27@16:16 : Setting up for the first time
2015-7-27@16:16 : A new file has been loaded tracks\bach_tocatta_fugue_d_minor.mid
2015-7-27@16:16 : A new file has been loaded tracks\sym40-1.mid
2015-7-27@16:16 : A track has been parsed out with Index: 0
2015-7-27@16:16 : A track has been parsed out with Index: 1
2015-7-27@16:16 : A track has been parsed out with Index: 0
2015-7-27@16:16 : A track has been parsed out with Index: 1
2015-7-27@16:16 : A track has been parsed out with Index: 2
2015-7-27@16:16 : A track has been parsed out with Index: 3
2015-7-27@16:16 : A track has been parsed out with Index: 4
2015-7-27@16:16 : A track has been parsed out with Index: 5
2015-7-27@16:16 : A track has been parsed out with Index: 6
2015-7-27@16:16 : A track has been parsed out with Index: 7
2015-7-27@16:16 : A track has been parsed out with Index: 8
2015-7-27@16:16 : A track has been parsed out with Index: 9
2015-7-27@16:16 : A track has been parsed out with Index: 10
2015-7-27@16:16 : A track has been parsed out with Index: 11
2015-7-27@16:16 : A track has been parsed out with Index: 12
2015-7-27@16:16 : A track has been parsed out with Index: 13
2015-7-27@16:16 : A track has been parsed out with Index: 14
2015-7-27@16:16 : New chunk saved with values length: 23327
2015-7-27@16:16 : New chunk saved with values length: 23327
2015-7-27@16:18 : Setting up for the first time
2015-7-27@16:18 : A new file has been loaded tracks\bach_tocatta_fugue_d_minor.mid
2015-7-27@16:18 : A new file has been loaded tracks\sym40-1.mid
2015-7-27@16:18 : A track has been parsed out with Index: 0
2015-7-27@16:18 : A track has been parsed out with Index: 1
2015-7-27@16:18 : A track has been parsed out with Index: 0
2015-7-27@16:18 : A track has been parsed out with Index: 1
2015-7-27@16:18 : A track has been parsed out with Index: 2
2015-7-27@16:18 : A track has been parsed out with Index: 3
2015-7-27@16:18 : A track has been parsed out with Index: 4
2015-7-27@16:18 : A track has been parsed out with Index: 5
2015-7-27@16:18 : A track has been parsed out with Index: 6
2015-7-27@16:18 : A track has been parsed out with Index: 7
2015-7-27@16:18 : A track has been parsed out with Index: 8
2015-7-27@16:18 : A track has been parsed out with Index: 9
2015-7-27@16:18 : A track has been parsed out with Index: 10
2015-7-27@16:18 : A track has been parsed out with Index: 11
2015-7-27@16:18 : A track has been parsed out with Index: 12
2015-7-27@16:18 : A track has been parsed out with Index: 13
2015-7-27@16:18 : A track has been parsed out with Index: 14
2015-7-27@16:18 : New chunk saved with values length: 23327
2015-7-27@16:18 : New chunk saved with values length: 23327
2015-7-27@16:31 : Setting up for the first time
2015-7-27@16:31 : A new file has been loaded tracks\bach_tocatta_fugue_d_minor.mid
2015-7-27@16:31 : A new file has been loaded tracks\sym40-1.mid
2015-7-27@16:31 : A track has been parsed out with Index: 0
2015-7-27@16:31 : A track has been parsed out with Index: 1
2015-7-27@16:31 : A track has been parsed out with Index: 0
2015-7-27@16:31 : A track has been parsed out with Index: 1
2015-7-27@16:31 : A track has been parsed out with Index: 2
2015-7-27@16:31 : A track has been parsed out with Index: 3
2015-7-27@16:31 : A track has been parsed out with Index: 4
2015-7-27@16:31 : A track has been parsed out with Index: 5
2015-7-27@16:31 : A track has been parsed out with Index: 6
2015-7-27@16:31 : A track has been parsed out with Index: 7
2015-7-27@16:31 : A track has been parsed out with Index: 8
2015-7-27@16:31 : A track has been parsed out with Index: 9
2015-7-27@16:31 : A track has been parsed out with Index: 10
2015-7-27@16:31 : A track has been parsed out with Index: 11
2015-7-27@16:31 : A track has been parsed out with Index: 12
2015-7-27@16:31 : A track has been parsed out with Index: 13
2015-7-27@16:31 : A track has been parsed out with Index: 14
2015-7-27@16:31 : New chunk saved with values length: 23327
2015-7-27@16:31 : New chunk saved with values length: 23327
2015-7-27@16:32 : Setting up for the first time
2015-7-27@16:33 : Setting up for the first time
2015-7-27@16:33 : A new file has been loaded tracks\bach_tocatta_fugue_d_minor.mid
2015-7-27@16:33 : A new file has been loaded tracks\sym40-1.mid
2015-7-27@16:33 : A track has been parsed out with Index: 0
2015-7-27@16:33 : A track has been parsed out with Index: 1
2015-7-27@16:33 : A track has been parsed out with Index: 0
2015-7-27@16:33 : A track has been parsed out with Index: 1
2015-7-27@16:33 : A track has been parsed out with Index: 2
2015-7-27@16:33 : A track has been parsed out with Index: 3
2015-7-27@16:33 : A track has been parsed out with Index: 4
2015-7-27@16:33 : A track has been parsed out with Index: 5
2015-7-27@16:33 : A track has been parsed out with Index: 6
2015-7-27@16:33 : A track has been parsed out with Index: 7
2015-7-27@16:33 : A track has been parsed out with Index: 8
2015-7-27@16:33 : A track has been parsed out with Index: 9
2015-7-27@16:33 : A track has been parsed out with Index: 10
2015-7-27@16:33 : A track has been parsed out with Index: 11
2015-7-27@16:33 : A track has been parsed out with Index: 12
2015-7-27@16:33 : A track has been parsed out with Index: 13
2015-7-27@16:33 : A track has been parsed out with Index: 14
2015-7-27@16:33 : New chunk saved with values length: 23327
2015-7-27@16:33 : New chunk saved with values length: 23327
2015-7-27@16:34 : Setting up for the first time
2015-7-27@16:35 : Setting up for the first time
2015-7-27@16:35 : A new file has been loaded tracks\bach_tocatta_fugue_d_minor.mid
2015-7-27@16:35 : A new file has been loaded tracks\sym40-1.mid
2015-7-27@16:35 : A track has been parsed out with Index: 0
2015-7-27@16:35 : A track has been parsed out with Index: 1
2015-7-27@16:35 : A track has been parsed out with Index: 0
2015-7-27@16:35 : A track has been parsed out with Index: 1
2015-7-27@16:35 : A track has been parsed out with Index: 2
2015-7-27@16:35 : A track has been parsed out with Index: 3
2015-7-27@16:35 : A track has been parsed out with Index: 4
2015-7-27@16:35 : A track has been parsed out with Index: 5
2015-7-27@16:35 : A track has been parsed out with Index: 6
2015-7-27@16:35 : A track has been parsed out with Index: 7
2015-7-27@16:35 : A track has been parsed out with Index: 8
2015-7-27@16:35 : A track has been parsed out with Index: 9
2015-7-27@16:35 : A track has been parsed out with Index: 10
2015-7-27@16:35 : A track has been parsed out with Index: 11
2015-7-27@16:35 : A track has been parsed out with Index: 12
2015-7-27@16:35 : A track has been parsed out with Index: 13
2015-7-27@16:35 : A track has been parsed out with Index: 14
2015-7-27@16:35 : New chunk saved with values length: 23327
2015-7-27@16:35 : New chunk saved with values length: 23327
2015-7-27@16:35 : Setting up for the first time
2015-7-27@16:35 : A new file has been loaded tracks\bach_tocatta_fugue_d_minor.mid
2015-7-27@16:35 : A new file has been loaded tracks\sym40-1.mid
2015-7-27@16:35 : A track has been parsed out with Index: 0
2015-7-27@16:35 : A track has been parsed out with Index: 1
2015-7-27@16:35 : A track has been parsed out with Index: 0
2015-7-27@16:35 : A track has been parsed out with Index: 1
2015-7-27@16:35 : A track has been parsed out with Index: 2
2015-7-27@16:35 : A track has been parsed out with Index: 3
2015-7-27@16:35 : A track has been parsed out with Index: 4
2015-7-27@16:35 : A track has been parsed out with Index: 5
2015-7-27@16:35 : A track has been parsed out with Index: 6
2015-7-27@16:35 : A track has been parsed out with Index: 7
2015-7-27@16:36 : A track has been parsed out with Index: 8
2015-7-27@16:36 : A track has been parsed out with Index: 9
2015-7-27@16:36 : A track has been parsed out with Index: 10
2015-7-27@16:36 : A track has been parsed out with Index: 11
2015-7-27@16:36 : A track has been parsed out with Index: 12
2015-7-27@16:36 : A track has been parsed out with Index: 13
2015-7-27@16:36 : A track has been parsed out with Index: 14
2015-7-27@16:36 : New chunk saved with values length: 23327
2015-7-27@16:36 : New chunk saved with values length: 23327
2015-7-27@16:37 : Setting up for the first time
2015-7-27@16:37 : A new file has been loaded tracks\bach_tocatta_fugue_d_minor.mid
2015-7-27@16:37 : A new file has been loaded tracks\sym40-1.mid
2015-7-27@16:37 : A track has been parsed out with Index: 0
2015-7-27@16:37 : A track has been parsed out with Index: 1
2015-7-27@16:37 : A track has been parsed out with Index: 0
2015-7-27@16:37 : A track has been parsed out with Index: 1
2015-7-27@16:37 : A track has been parsed out with Index: 2
2015-7-27@16:37 : A track has been parsed out with Index: 3
2015-7-27@16:37 : A track has been parsed out with Index: 4
2015-7-27@16:37 : A track has been parsed out with Index: 5
2015-7-27@16:37 : A track has been parsed out with Index: 6
2015-7-27@16:37 : A track has been parsed out with Index: 7
2015-7-27@16:37 : A track has been parsed out with Index: 8
2015-7-27@16:37 : A track has been parsed out with Index: 9
2015-7-27@16:37 : A track has been parsed out with Index: 10
2015-7-27@16:37 : A track has been parsed out with Index: 11
2015-7-27@16:37 : A track has been parsed out with Index: 12
2015-7-27@16:37 : A track has been parsed out with Index: 13
2015-7-27@16:37 : A track has been parsed out with Index: 14
2015-7-27@16:37 : New chunk saved with values length: 23327
2015-7-27@16:37 : New chunk saved with values length: 23327
2015-7-27@17:54 : New chunk saved with values length: 0
2015-7-27@17:54 : New chunk saved with values length: 0
2015-7-27@20:37 : New chunk saved with values length: 0
2015-7-27@20:37 : New chunk saved with values length: 0
2015-7-27@20:46 : New chunk saved with values length: 0
2015-7-27@20:46 : New chunk saved with values length: 0
2015-7-27@21:10 : Loaded settings from previous runtime file
2015-7-27@21:43 : Loaded settings from previous runtime file
