Build started 27/07/2015 21:36:49.
     1>Project "C:\Users\Matt\Documents\GitHub\FYP\MIDI Playground\MIDI Playground\MIDI Playground.vcxproj" on node 2 (Build target(s)).
     1>ClCompile:
         C:\Program Files (x86)\Microsoft Visual Studio 12.0\VC\bin\CL.exe /c /IC:\boost_1_57_0 /ZI /nologo /W3 /WX- /Od /Oy- /D WIN32 /D _DEBUG /D _CONSOLE /D _LIB /D _UNICODE /D UNICODE /Gm /EHsc /RTC1 /MDd /GS /fp:precise /Zc:wchar_t /Zc:forScope /Fo"Debug\\" /Fd"Debug\vc120.pdb" /FR"Debug\\" /Gd /TP /analyze- /errorReport:prompt Source.cpp
         Source.cpp
       Link:
         C:\Program Files (x86)\Microsoft Visual Studio 12.0\VC\bin\link.exe /ERRORREPORT:PROMPT /OUT:"C:\Users\Matt\Documents\GitHub\FYP\MIDI Playground\Debug\MIDI Playground.exe" /INCREMENTAL /NOLOGO /LIBPATH:C:\boost_1_57_0\stage\lib kernel32.lib user32.lib gdi32.lib winspool.lib comdlg32.lib advapi32.lib shell32.lib ole32.lib oleaut32.lib uuid.lib odbc32.lib odbccp32.lib /MANIFEST /MANIFESTUAC:"level='asInvoker' uiAccess='false'" /manifest:embed /DEBUG /PDB:"C:\Users\Matt\Documents\GitHub\FYP\MIDI Playground\Debug\MIDI Playground.pdb" /SUBSYSTEM:CONSOLE /TLBID:1 /DYNAMICBASE /NXCOMPAT /IMPLIB:"C:\Users\Matt\Documents\GitHub\FYP\MIDI Playground\Debug\MIDI Playground.lib" /MACHINE:X86 Debug\Analysis.obj
         Debug\Autosave.obj
         Debug\Binasc.obj
         Debug\Data.obj
         Debug\FileHandling.obj
         Debug\MidiEvent.obj
         Debug\MidiEventList.obj
         Debug\MidiFile.obj
         Debug\MidiMessage.obj
         Debug\Notes.obj
         Debug\Options.obj
         Debug\Settings.obj
         Debug\Source.obj
         MIDI Playground.vcxproj -> C:\Users\Matt\Documents\GitHub\FYP\MIDI Playground\Debug\MIDI Playground.exe
       BscMake:
         C:\Program Files (x86)\Microsoft Visual Studio 12.0\VC\bin\bscmake.exe /nologo /o"C:\Users\Matt\Documents\GitHub\FYP\MIDI Playground\Debug\MIDI Playground.bsc" /n Debug\Analysis.sbr Debug\Autosave.sbr Debug\Binasc.sbr Debug\Data.sbr Debug\FileHandling.sbr Debug\MidiEvent.sbr Debug\MidiEventList.sbr Debug\MidiFile.sbr Debug\MidiMessage.sbr Debug\Notes.sbr Debug\Options.sbr Debug\Settings.sbr Debug\Source.sbr
     1>Done Building Project "C:\Users\Matt\Documents\GitHub\FYP\MIDI Playground\MIDI Playground\MIDI Playground.vcxproj" (Build target(s)).

Build succeeded.

Time Elapsed 00:00:11.96
