Build started 19/07/2015 01:12:42.
     1>Project "D:\GitHub\FYP\MIDI Playground\MIDI Playground\MIDI Playground.vcxproj" on node 2 (Build target(s)).
     1>ClCompile:
         D:\Program Files (x86)\Microsoft Visual Studio 12.0\VC\bin\CL.exe /c /Zi /nologo /W3 /WX- /O2 /Oi /Oy- /GL /D WIN32 /D NDEBUG /D _CONSOLE /D _LIB /D _UNICODE /D UNICODE /Gm- /EHsc /MD /GS /Gy /fp:precise /Zc:wchar_t /Zc:forScope /Fo"Release\\" /Fd"Release\vc120.pdb" /Gd /TP /analyze- /errorReport:prompt Analysis.cpp Binasc.cpp FileHandling.cpp MidiEvent.cpp MidiEventList.cpp MidiFile.cpp MidiMessage.cpp Notes.cpp Options.cpp Source.cpp
         Analysis.cpp
     1>d:\github\fyp\midi playground\midi playground\Analysis.h(4): fatal error C1083: Cannot open include file: 'boost\filesystem.hpp': No such file or directory
         Binasc.cpp
     1>Binasc.cpp(498): warning C4996: 'strtok': This function or variable may be unsafe. Consider using strtok_s instead. To disable deprecation, use _CRT_SECURE_NO_WARNINGS. See online help for details.
                 D:\Program Files (x86)\Microsoft Visual Studio 12.0\VC\include\string.h(204) : see declaration of 'strtok'
     1>Binasc.cpp(521): warning C4996: 'strtok': This function or variable may be unsafe. Consider using strtok_s instead. To disable deprecation, use _CRT_SECURE_NO_WARNINGS. See online help for details.
                 D:\Program Files (x86)\Microsoft Visual Studio 12.0\VC\include\string.h(204) : see declaration of 'strtok'
     1>Binasc.cpp(1114): warning C4244: 'initializing' : conversion from 'ulong' to 'uchar', possible loss of data
         FileHandling.cpp
     1>d:\github\fyp\midi playground\midi playground\StoredData.h(6): fatal error C1083: Cannot open include file: 'boost\filesystem.hpp': No such file or directory
         MidiEvent.cpp
     1>MidiEvent.cpp(58): warning C4018: '<' : signed/unsigned mismatch
     1>MidiEvent.cpp(104): warning C4018: '<' : signed/unsigned mismatch
     1>MidiEvent.cpp(117): warning C4018: '<' : signed/unsigned mismatch
     1>MidiEvent.cpp(127): warning C4018: '<' : signed/unsigned mismatch
         MidiEventList.cpp
     1>MidiEventList.cpp(92): warning C4018: '<' : signed/unsigned mismatch
     1>MidiEventList.cpp(121): warning C4018: '>' : signed/unsigned mismatch
     1>MidiEventList.cpp(185): warning C4018: '<' : signed/unsigned mismatch
         MidiFile.cpp
     1>MidiFile.cpp(1084): warning C4996: 'strncpy': This function or variable may be unsafe. Consider using strncpy_s instead. To disable deprecation, use _CRT_SECURE_NO_WARNINGS. See online help for details.
                 D:\Program Files (x86)\Microsoft Visual Studio 12.0\VC\include\string.h(195) : see declaration of 'strncpy'
     1>MidiFile.cpp(1088): warning C4996: 'strncpy': This function or variable may be unsafe. Consider using strncpy_s instead. To disable deprecation, use _CRT_SECURE_NO_WARNINGS. See online help for details.
                 D:\Program Files (x86)\Microsoft Visual Studio 12.0\VC\include\string.h(195) : see declaration of 'strncpy'
     1>MidiFile.cpp(1638): warning C4244: 'return' : conversion from 'double' to 'int', possible loss of data
     1>MidiFile.cpp(1729): warning C4244: 'return' : conversion from 'double' to 'int', possible loss of data
     1>MidiFile.cpp(1782): warning C4244: 'return' : conversion from 'double' to 'int', possible loss of data
         MidiMessage.cpp
     1>MidiMessage.cpp(813): warning C4018: '<' : signed/unsigned mismatch
     1>MidiMessage.cpp(821): warning C4018: '<' : signed/unsigned mismatch
     1>MidiMessage.cpp(829): warning C4018: '<' : signed/unsigned mismatch
         Notes.cpp
         Options.cpp
     1>Options.cpp(971): warning C4996: 'strcpy': This function or variable may be unsafe. Consider using strcpy_s instead. To disable deprecation, use _CRT_SECURE_NO_WARNINGS. See online help for details.
                 D:\Program Files (x86)\Microsoft Visual Studio 12.0\VC\include\string.h(112) : see declaration of 'strcpy'
     1>Options.cpp(993): warning C4996: 'strcpy': This function or variable may be unsafe. Consider using strcpy_s instead. To disable deprecation, use _CRT_SECURE_NO_WARNINGS. See online help for details.
                 D:\Program Files (x86)\Microsoft Visual Studio 12.0\VC\include\string.h(112) : see declaration of 'strcpy'
     1>Options.cpp(1002): warning C4996: 'strcpy': This function or variable may be unsafe. Consider using strcpy_s instead. To disable deprecation, use _CRT_SECURE_NO_WARNINGS. See online help for details.
                 D:\Program Files (x86)\Microsoft Visual Studio 12.0\VC\include\string.h(112) : see declaration of 'strcpy'
         Source.cpp
     1>d:\github\fyp\midi playground\midi playground\StoredData.h(6): fatal error C1083: Cannot open include file: 'boost\filesystem.hpp': No such file or directory
     1>Done Building Project "D:\GitHub\FYP\MIDI Playground\MIDI Playground\MIDI Playground.vcxproj" (Build target(s)) -- FAILED.

Build FAILED.

Time Elapsed 00:00:03.28
